<?xml version="1.0" encoding="UTF-8"?>
<testsuite xmlns:xsi="http://www.w3.org/2001/XMLSchema-instance" xsi:noNamespaceSchemaLocation="https://maven.apache.org/surefire/maven-surefire-plugin/xsd/surefire-test-report.xsd" name="by.it.academy.jd2.reunova.dao.DAOimplTest" time="1.218" tests="4" errors="0" skipped="0" failures="0">
  <properties>
[...]
</properties>
  <testcase name="testDelete" classname="by.it.academy.jd2.reunova.dao.DAOimplTest" time="0.064"/>
  <testcase name="testInsert" classname="by.it.academy.jd2.reunova.dao.DAOimplTest" time="0.004"/>
  <testcase name="testSelect" classname="by.it.academy.jd2.reunova.dao.DAOimplTest" time="0.062"/>
  <testcase name="testUpdate" classname="by.it.academy.jd2.reunova.dao.DAOimplTest" time="0.014"/>
</testsuite>