<?xml version="1.0" encoding="UTF-8"?>
<testsuite xmlns:xsi="http://www.w3.org/2001/XMLSchema-instance" xsi:noNamespaceSchemaLocation="https://maven.apache.org/surefire/maven-surefire-plugin/xsd/surefire-test-report.xsd" name="jd2.StudentType2StrategyTest" time="0.013" tests="10" errors="0" skipped="0" failures="0">
  <properties>
[...]
</properties>
  <testcase name="testCountNumberOfHours[0: testCountNumberOfHours -&gt; с талантом 0,1 = 1 980]" classname="jd2.StudentType2StrategyTest" time="0"/>
  <testcase name="testCountNumberOfHours[1: testCountNumberOfHours -&gt; с талантом 0,2 = 990]" classname="jd2.StudentType2StrategyTest" time="0"/>
  <testcase name="testCountNumberOfHours[2: testCountNumberOfHours -&gt; с талантом 0,3 = 660]" classname="jd2.StudentType2StrategyTest" time="0"/>
  <testcase name="testCountNumberOfHours[3: testCountNumberOfHours -&gt; с талантом 0,4 = 495]" classname="jd2.StudentType2StrategyTest" time="0"/>
  <testcase name="testCountNumberOfHours[4: testCountNumberOfHours -&gt; с талантом 0,5 = 396]" classname="jd2.StudentType2StrategyTest" time="0"/>
  <testcase name="testCountNumberOfHours[5: testCountNumberOfHours -&gt; с талантом 0,6 = 330]" classname="jd2.StudentType2StrategyTest" time="0"/>
  <testcase name="testCountNumberOfHours[6: testCountNumberOfHours -&gt; с талантом 0,7 = 282]" classname="jd2.StudentType2StrategyTest" time="0"/>
  <testcase name="testCountNumberOfHours[7: testCountNumberOfHours -&gt; с талантом 0,8 = 247]" classname="jd2.StudentType2StrategyTest" time="0"/>
  <testcase name="testCountNumberOfHours[8: testCountNumberOfHours -&gt; с талантом 0,9 = 220]" classname="jd2.StudentType2StrategyTest" time="0"/>
  <testcase name="testCountNumberOfHours[9: testCountNumberOfHours -&gt; с талантом 1 = 198]" classname="jd2.StudentType2StrategyTest" time="0.001"/>
</testsuite>